<?xml version="1.0" encoding="UTF-8"?>
<testsuite name="JUnit Jupiter" tests="6" skipped="0" failures="0" errors="0" time="0.064" hostname="DESKTOP-LE0PQ4K" timestamp="2018-10-10T14:55:22">
<properties>
[...]
</properties>
<testcase name="testAdd()" classname="pcl.PointCloudRGBTest" time="0.011">
<system-out><![CDATA[
unique-id: [engine:junit-jupiter]/[class:pcl.PointCloudRGBTest]/[method:testAdd()]
display-name: testAdd()
]]></system-out>
</testcase>
<testcase name="testGet()" classname="pcl.PointCloudRGBTest" time="0.001">
<system-out><![CDATA[
unique-id: [engine:junit-jupiter]/[class:pcl.PointCloudRGBTest]/[method:testGet()]
display-name: testGet()
]]></system-out>
</testcase>
<testcase name="testClear()" classname="pcl.PointCloudRGBTest" time="0">
<system-out><![CDATA[
unique-id: [engine:junit-jupiter]/[class:pcl.PointCloudRGBTest]/[method:testClear()]
display-name: testClear()
]]></system-out>
</testcase>
<testcase name="cloneTest()" classname="pcl.PointCloudRGBTest" time="0">
<system-out><![CDATA[
unique-id: [engine:junit-jupiter]/[class:pcl.PointCloudRGBTest]/[method:cloneTest()]
display-name: cloneTest()
]]></system-out>
</testcase>
<testcase name="attributeAccessTest()" classname="pcl.PointXYZRGBTest" time="0.001">
<system-out><![CDATA[
unique-id: [engine:junit-jupiter]/[class:pcl.PointXYZRGBTest]/[method:attributeAccessTest()]
display-name: attributeAccessTest()
]]></system-out>
</testcase>
<testcase name="attributeAccessTest()" classname="pcl.PointXYZTest" time="0">
<system-out><![CDATA[
unique-id: [engine:junit-jupiter]/[class:pcl.PointXYZTest]/[method:attributeAccessTest()]
display-name: attributeAccessTest()
]]></system-out>
</testcase>
<system-out><![CDATA[
unique-id: [engine:junit-jupiter]
display-name: JUnit Jupiter
]]></system-out>
</testsuite>
